生成启动时间为 2016/3/22 23:18:22。
     1>项目“F:\Work\Data Structure and Algorithm\LineList\LineList\LineList.vcxproj”在节点 2 上(build 个目标)。
     1>InitializeBuildStatus:
         正在对“Debug\LineList.unsuccessfulbuild”执行 Touch 任务。
       ClCompile:
         D:\Tools\VS2010\VC\bin\CL.exe /c /ZI /nologo /W3 /WX- /Od /Oy- /D WIN32 /D _DEBUG /D _CONSOLE /D _UNICODE /D UNICODE /Gm /EHsc /RTC1 /MDd /GS /fp:precise /Zc:wchar_t /Zc:forScope /Fo"Debug\\" /Fd"Debug\vc100.pdb" /Gd /TP /analyze- /errorReport:prompt LineList.cpp
         LineList.cpp
     1>f:\work\data structure and algorithm\linelist\linelist\linelist.cpp(40): warning C4996: 'scanf': This function or variable may be unsafe. Consider using scanf_s instead. To disable deprecation, use _CRT_SECURE_NO_WARNINGS. See online help for details.
                 d:\tools\vs2010\vc\include\stdio.h(304) : 参见“scanf”的声明
     1>f:\work\data structure and algorithm\linelist\linelist\linelist.cpp(48): warning C4996: 'scanf': This function or variable may be unsafe. Consider using scanf_s instead. To disable deprecation, use _CRT_SECURE_NO_WARNINGS. See online help for details.
                 d:\tools\vs2010\vc\include\stdio.h(304) : 参见“scanf”的声明
     1>f:\work\data structure and algorithm\linelist\linelist\linelist.cpp(51): warning C4996: 'scanf': This function or variable may be unsafe. Consider using scanf_s instead. To disable deprecation, use _CRT_SECURE_NO_WARNINGS. See online help for details.
                 d:\tools\vs2010\vc\include\stdio.h(304) : 参见“scanf”的声明
     1>f:\work\data structure and algorithm\linelist\linelist\linelist.cpp(53): warning C4996: 'scanf': This function or variable may be unsafe. Consider using scanf_s instead. To disable deprecation, use _CRT_SECURE_NO_WARNINGS. See online help for details.
                 d:\tools\vs2010\vc\include\stdio.h(304) : 参见“scanf”的声明
     1>f:\work\data structure and algorithm\linelist\linelist\linelist.cpp(59): warning C4996: 'scanf': This function or variable may be unsafe. Consider using scanf_s instead. To disable deprecation, use _CRT_SECURE_NO_WARNINGS. See online help for details.
                 d:\tools\vs2010\vc\include\stdio.h(304) : 参见“scanf”的声明
     1>f:\work\data structure and algorithm\linelist\linelist\linelist.cpp(92): warning C4996: 'scanf': This function or variable may be unsafe. Consider using scanf_s instead. To disable deprecation, use _CRT_SECURE_NO_WARNINGS. See online help for details.
                 d:\tools\vs2010\vc\include\stdio.h(304) : 参见“scanf”的声明
     1>f:\work\data structure and algorithm\linelist\linelist\linelist.cpp(104): warning C4996: 'scanf': This function or variable may be unsafe. Consider using scanf_s instead. To disable deprecation, use _CRT_SECURE_NO_WARNINGS. See online help for details.
                 d:\tools\vs2010\vc\include\stdio.h(304) : 参见“scanf”的声明
     1>f:\work\data structure and algorithm\linelist\linelist\linelist.cpp(106): warning C4996: 'scanf': This function or variable may be unsafe. Consider using scanf_s instead. To disable deprecation, use _CRT_SECURE_NO_WARNINGS. See online help for details.
                 d:\tools\vs2010\vc\include\stdio.h(304) : 参见“scanf”的声明
     1>f:\work\data structure and algorithm\linelist\linelist\linelist.cpp(126): warning C4996: 'strcpy': This function or variable may be unsafe. Consider using strcpy_s instead. To disable deprecation, use _CRT_SECURE_NO_WARNINGS. See online help for details.
                 d:\tools\vs2010\vc\include\string.h(105) : 参见“strcpy”的声明
       ManifestResourceCompile:
         所有输出均为最新。
       Link:
         D:\Tools\VS2010\VC\bin\link.exe /ERRORREPORT:PROMPT /OUT:"F:\Work\Data Structure and Algorithm\LineList\Debug\LineList.exe" /INCREMENTAL /NOLOGO kernel32.lib user32.lib gdi32.lib winspool.lib comdlg32.lib advapi32.lib shell32.lib ole32.lib oleaut32.lib uuid.lib odbc32.lib odbccp32.lib /MANIFEST /ManifestFile:"Debug\LineList.exe.intermediate.manifest" /MANIFESTUAC:"level='asInvoker' uiAccess='false'" /DEBUG /PDB:"F:\Work\Data Structure and Algorithm\LineList\Debug\LineList.pdb" /SUBSYSTEM:CONSOLE /TLBID:1 /DYNAMICBASE /NXCOMPAT /IMPLIB:"F:\Work\Data Structure and Algorithm\LineList\Debug\LineList.lib" /MACHINE:X86 Debug\LineList.exe.embed.manifest.res
         Debug\LineList.obj
       Manifest:
         C:\Program Files (x86)\Microsoft SDKs\Windows\v7.0A\bin\mt.exe /nologo /verbose /out:"Debug\LineList.exe.embed.manifest" /manifest Debug\LineList.exe.intermediate.manifest
         所有输出均为最新。
       LinkEmbedManifest:
         所有输出均为最新。
         LineList.vcxproj -> F:\Work\Data Structure and Algorithm\LineList\Debug\LineList.exe
       FinalizeBuildStatus:
         正在删除文件“Debug\LineList.unsuccessfulbuild”。
         正在对“Debug\LineList.lastbuildstate”执行 Touch 任务。
     1>已完成生成项目“F:\Work\Data Structure and Algorithm\LineList\LineList\LineList.vcxproj”(build 个目标)的操作。

生成成功。

已用时间 00:00:00.53
