生成启动时间为 2016/4/4 18:16:04。
     1>项目“F:\Work\Data Structure and Algorithm\SaddlePoint\SaddlePoint\SaddlePoint.vcxproj”在节点 2 上(build 个目标)。
     1>InitializeBuildStatus:
         正在创建“Debug\SaddlePoint.unsuccessfulbuild”，因为已指定“AlwaysCreate”。
       ClCompile:
         D:\Tools\VS2010\VC\bin\CL.exe /c /ZI /nologo /W3 /WX- /Od /Oy- /D WIN32 /D _DEBUG /D _CONSOLE /D _UNICODE /D UNICODE /Gm /EHsc /RTC1 /MDd /GS /fp:precise /Zc:wchar_t /Zc:forScope /Fo"Debug\\" /Fd"Debug\vc100.pdb" /Gd /TP /analyze- /errorReport:prompt SaddlePoint.cpp
         SaddlePoint.cpp
     1>f:\work\data structure and algorithm\saddlepoint\saddlepoint\saddlepoint.cpp(10): warning C4996: 'scanf': This function or variable may be unsafe. Consider using scanf_s instead. To disable deprecation, use _CRT_SECURE_NO_WARNINGS. See online help for details.
                 d:\tools\vs2010\vc\include\stdio.h(304) : 参见“scanf”的声明
       ManifestResourceCompile:
         所有输出均为最新。
       Link:
         D:\Tools\VS2010\VC\bin\link.exe /ERRORREPORT:PROMPT /OUT:"F:\Work\Data Structure and Algorithm\SaddlePoint\Debug\SaddlePoint.exe" /INCREMENTAL /NOLOGO kernel32.lib user32.lib gdi32.lib winspool.lib comdlg32.lib advapi32.lib shell32.lib ole32.lib oleaut32.lib uuid.lib odbc32.lib odbccp32.lib /MANIFEST /ManifestFile:"Debug\SaddlePoint.exe.intermediate.manifest" /MANIFESTUAC:"level='asInvoker' uiAccess='false'" /DEBUG /PDB:"F:\Work\Data Structure and Algorithm\SaddlePoint\Debug\SaddlePoint.pdb" /SUBSYSTEM:CONSOLE /TLBID:1 /DYNAMICBASE /NXCOMPAT /IMPLIB:"F:\Work\Data Structure and Algorithm\SaddlePoint\Debug\SaddlePoint.lib" /MACHINE:X86 Debug\SaddlePoint.exe.embed.manifest.res
         Debug\SaddlePoint.obj
       Manifest:
         C:\Program Files (x86)\Microsoft SDKs\Windows\v7.0A\bin\mt.exe /nologo /verbose /out:"Debug\SaddlePoint.exe.embed.manifest" /manifest Debug\SaddlePoint.exe.intermediate.manifest
         所有输出均为最新。
       LinkEmbedManifest:
         所有输出均为最新。
         SaddlePoint.vcxproj -> F:\Work\Data Structure and Algorithm\SaddlePoint\Debug\SaddlePoint.exe
       FinalizeBuildStatus:
         正在删除文件“Debug\SaddlePoint.unsuccessfulbuild”。
         正在对“Debug\SaddlePoint.lastbuildstate”执行 Touch 任务。
     1>已完成生成项目“F:\Work\Data Structure and Algorithm\SaddlePoint\SaddlePoint\SaddlePoint.vcxproj”(build 个目标)的操作。

生成成功。

已用时间 00:00:01.99
