生成启动时间为 2016/3/8 23:09:48。
     1>项目“F:\Work\Data Structure and Algorithm\Chapter2_2\Chapter2_2\Chapter2_2\Chapter2_2.vcxproj”在节点 2 上(build 个目标)。
     1>InitializeBuildStatus:
         正在创建“Debug\Chapter2_2.unsuccessfulbuild”，因为已指定“AlwaysCreate”。
       ClCompile:
         D:\Tools\VS2010\VC\bin\CL.exe /c /ZI /nologo /W3 /WX- /Od /Oy- /D WIN32 /D _DEBUG /D _CONSOLE /D _UNICODE /D UNICODE /Gm /EHsc /RTC1 /MDd /GS /fp:precise /Zc:wchar_t /Zc:forScope /Fo"Debug\\" /Fd"Debug\vc100.pdb" /Gd /TP /analyze- /errorReport:prompt Chapter2_2.cpp
         Chapter2_2.cpp
       ManifestResourceCompile:
         所有输出均为最新。
       Link:
         D:\Tools\VS2010\VC\bin\link.exe /ERRORREPORT:PROMPT /OUT:"F:\Work\Data Structure and Algorithm\Chapter2_2\Chapter2_2\Debug\Chapter2_2.exe" /INCREMENTAL /NOLOGO kernel32.lib user32.lib gdi32.lib winspool.lib comdlg32.lib advapi32.lib shell32.lib ole32.lib oleaut32.lib uuid.lib odbc32.lib odbccp32.lib /MANIFEST /ManifestFile:"Debug\Chapter2_2.exe.intermediate.manifest" /MANIFESTUAC:"level='asInvoker' uiAccess='false'" /DEBUG /PDB:"F:\Work\Data Structure and Algorithm\Chapter2_2\Chapter2_2\Debug\Chapter2_2.pdb" /SUBSYSTEM:CONSOLE /TLBID:1 /DYNAMICBASE /NXCOMPAT /IMPLIB:"F:\Work\Data Structure and Algorithm\Chapter2_2\Chapter2_2\Debug\Chapter2_2.lib" /MACHINE:X86 Debug\Chapter2_2.exe.embed.manifest.res
         Debug\Chapter2_2.obj
       Manifest:
         C:\Program Files (x86)\Microsoft SDKs\Windows\v7.0A\bin\mt.exe /nologo /verbose /out:"Debug\Chapter2_2.exe.embed.manifest" /manifest Debug\Chapter2_2.exe.intermediate.manifest
         所有输出均为最新。
       LinkEmbedManifest:
         所有输出均为最新。
         Chapter2_2.vcxproj -> F:\Work\Data Structure and Algorithm\Chapter2_2\Chapter2_2\Debug\Chapter2_2.exe
       FinalizeBuildStatus:
         正在删除文件“Debug\Chapter2_2.unsuccessfulbuild”。
         正在对“Debug\Chapter2_2.lastbuildstate”执行 Touch 任务。
     1>已完成生成项目“F:\Work\Data Structure and Algorithm\Chapter2_2\Chapter2_2\Chapter2_2\Chapter2_2.vcxproj”(build 个目标)的操作。

生成成功。

已用时间 00:00:00.98
