生成启动时间为 2016/3/6 21:21:35。
     1>项目“F:\Work\Data Structure and Algorithm\Chapter1_1\Chapter1_1\Chapter1_1\Chapter1_1.vcxproj”在节点 2 上(build 个目标)。
     1>PrepareForBuild:
         正在创建目录“F:\Work\Data Structure and Algorithm\Chapter1_1\Chapter1_1\Debug\”。
       InitializeBuildStatus:
         正在创建“Debug\Chapter1_1.unsuccessfulbuild”，因为已指定“AlwaysCreate”。
       ClCompile:
         D:\Tools\VS2010\VC\bin\CL.exe /c /ZI /nologo /W3 /WX- /Od /Oy- /D WIN32 /D _DEBUG /D _CONSOLE /D _UNICODE /D UNICODE /Gm /EHsc /RTC1 /MDd /GS /fp:precise /Zc:wchar_t /Zc:forScope /Fo"Debug\\" /Fd"Debug\vc100.pdb" /Gd /TP /analyze- /errorReport:prompt T2.cpp
         T2.cpp
       ManifestResourceCompile:
         C:\Program Files (x86)\Microsoft SDKs\Windows\v7.0A\bin\rc.exe /nologo /fo"Debug\Chapter1_1.exe.embed.manifest.res" Debug\Chapter1_1_manifest.rc 
       Link:
         D:\Tools\VS2010\VC\bin\link.exe /ERRORREPORT:PROMPT /OUT:"F:\Work\Data Structure and Algorithm\Chapter1_1\Chapter1_1\Debug\Chapter1_1.exe" /INCREMENTAL /NOLOGO kernel32.lib user32.lib gdi32.lib winspool.lib comdlg32.lib advapi32.lib shell32.lib ole32.lib oleaut32.lib uuid.lib odbc32.lib odbccp32.lib /MANIFEST /ManifestFile:"Debug\Chapter1_1.exe.intermediate.manifest" /MANIFESTUAC:"level='asInvoker' uiAccess='false'" /DEBUG /PDB:"F:\Work\Data Structure and Algorithm\Chapter1_1\Chapter1_1\Debug\Chapter1_1.pdb" /SUBSYSTEM:CONSOLE /TLBID:1 /DYNAMICBASE /NXCOMPAT /IMPLIB:"F:\Work\Data Structure and Algorithm\Chapter1_1\Chapter1_1\Debug\Chapter1_1.lib" /MACHINE:X86 Debug\Chapter1_1.exe.embed.manifest.res
         Debug\T2.obj
       Manifest:
         C:\Program Files (x86)\Microsoft SDKs\Windows\v7.0A\bin\mt.exe /nologo /verbose /out:"Debug\Chapter1_1.exe.embed.manifest" /manifest Debug\Chapter1_1.exe.intermediate.manifest
         C:\Program Files (x86)\Microsoft SDKs\Windows\v7.0A\bin\rc.exe /nologo /fo"Debug\Chapter1_1.exe.embed.manifest.res" Debug\Chapter1_1_manifest.rc 
       LinkEmbedManifest:
         D:\Tools\VS2010\VC\bin\link.exe /ERRORREPORT:PROMPT /OUT:"F:\Work\Data Structure and Algorithm\Chapter1_1\Chapter1_1\Debug\Chapter1_1.exe" /INCREMENTAL /NOLOGO kernel32.lib user32.lib gdi32.lib winspool.lib comdlg32.lib advapi32.lib shell32.lib ole32.lib oleaut32.lib uuid.lib odbc32.lib odbccp32.lib /MANIFEST /ManifestFile:"Debug\Chapter1_1.exe.intermediate.manifest" /MANIFESTUAC:"level='asInvoker' uiAccess='false'" /DEBUG /PDB:"F:\Work\Data Structure and Algorithm\Chapter1_1\Chapter1_1\Debug\Chapter1_1.pdb" /SUBSYSTEM:CONSOLE /TLBID:1 /DYNAMICBASE /NXCOMPAT /IMPLIB:"F:\Work\Data Structure and Algorithm\Chapter1_1\Chapter1_1\Debug\Chapter1_1.lib" /MACHINE:X86 Debug\Chapter1_1.exe.embed.manifest.res
         Debug\T2.obj
         Chapter1_1.vcxproj -> F:\Work\Data Structure and Algorithm\Chapter1_1\Chapter1_1\Debug\Chapter1_1.exe
       FinalizeBuildStatus:
         正在删除文件“Debug\Chapter1_1.unsuccessfulbuild”。
         正在对“Debug\Chapter1_1.lastbuildstate”执行 Touch 任务。
     1>已完成生成项目“F:\Work\Data Structure and Algorithm\Chapter1_1\Chapter1_1\Chapter1_1\Chapter1_1.vcxproj”(build 个目标)的操作。

生成成功。

已用时间 00:00:02.22
