生成启动时间为 2016/3/6 21:24:16。
     1>项目“F:\Work\Data Structure and Algorithm\Chapter1_1\Chapter1_2\Chapter1_2\Chapter1_2.vcxproj”在节点 2 上(build 个目标)。
     1>PrepareForBuild:
         正在创建目录“F:\Work\Data Structure and Algorithm\Chapter1_1\Chapter1_2\Debug\”。
       InitializeBuildStatus:
         正在创建“Debug\Chapter1_2.unsuccessfulbuild”，因为已指定“AlwaysCreate”。
       ClCompile:
         D:\Tools\VS2010\VC\bin\CL.exe /c /ZI /nologo /W3 /WX- /Od /Oy- /D WIN32 /D _DEBUG /D _CONSOLE /D _UNICODE /D UNICODE /Gm /EHsc /RTC1 /MDd /GS /fp:precise /Zc:wchar_t /Zc:forScope /Fo"Debug\\" /Fd"Debug\vc100.pdb" /Gd /TP /analyze- /errorReport:prompt T3.cpp
         T3.cpp
     1>f:\work\data structure and algorithm\chapter1_1\chapter1_2\chapter1_2\t3.cpp(9): warning C4996: 'scanf': This function or variable may be unsafe. Consider using scanf_s instead. To disable deprecation, use _CRT_SECURE_NO_WARNINGS. See online help for details.
                 d:\tools\vs2010\vc\include\stdio.h(304) : 参见“scanf”的声明
       ManifestResourceCompile:
         C:\Program Files (x86)\Microsoft SDKs\Windows\v7.0A\bin\rc.exe /nologo /fo"Debug\Chapter1_2.exe.embed.manifest.res" Debug\Chapter1_2_manifest.rc 
       Link:
         D:\Tools\VS2010\VC\bin\link.exe /ERRORREPORT:PROMPT /OUT:"F:\Work\Data Structure and Algorithm\Chapter1_1\Chapter1_2\Debug\Chapter1_2.exe" /INCREMENTAL /NOLOGO kernel32.lib user32.lib gdi32.lib winspool.lib comdlg32.lib advapi32.lib shell32.lib ole32.lib oleaut32.lib uuid.lib odbc32.lib odbccp32.lib /MANIFEST /ManifestFile:"Debug\Chapter1_2.exe.intermediate.manifest" /MANIFESTUAC:"level='asInvoker' uiAccess='false'" /DEBUG /PDB:"F:\Work\Data Structure and Algorithm\Chapter1_1\Chapter1_2\Debug\Chapter1_2.pdb" /SUBSYSTEM:CONSOLE /TLBID:1 /DYNAMICBASE /NXCOMPAT /IMPLIB:"F:\Work\Data Structure and Algorithm\Chapter1_1\Chapter1_2\Debug\Chapter1_2.lib" /MACHINE:X86 Debug\Chapter1_2.exe.embed.manifest.res
         Debug\T3.obj
       Manifest:
         C:\Program Files (x86)\Microsoft SDKs\Windows\v7.0A\bin\mt.exe /nologo /verbose /out:"Debug\Chapter1_2.exe.embed.manifest" /manifest Debug\Chapter1_2.exe.intermediate.manifest
         C:\Program Files (x86)\Microsoft SDKs\Windows\v7.0A\bin\rc.exe /nologo /fo"Debug\Chapter1_2.exe.embed.manifest.res" Debug\Chapter1_2_manifest.rc 
       LinkEmbedManifest:
         D:\Tools\VS2010\VC\bin\link.exe /ERRORREPORT:PROMPT /OUT:"F:\Work\Data Structure and Algorithm\Chapter1_1\Chapter1_2\Debug\Chapter1_2.exe" /INCREMENTAL /NOLOGO kernel32.lib user32.lib gdi32.lib winspool.lib comdlg32.lib advapi32.lib shell32.lib ole32.lib oleaut32.lib uuid.lib odbc32.lib odbccp32.lib /MANIFEST /ManifestFile:"Debug\Chapter1_2.exe.intermediate.manifest" /MANIFESTUAC:"level='asInvoker' uiAccess='false'" /DEBUG /PDB:"F:\Work\Data Structure and Algorithm\Chapter1_1\Chapter1_2\Debug\Chapter1_2.pdb" /SUBSYSTEM:CONSOLE /TLBID:1 /DYNAMICBASE /NXCOMPAT /IMPLIB:"F:\Work\Data Structure and Algorithm\Chapter1_1\Chapter1_2\Debug\Chapter1_2.lib" /MACHINE:X86 Debug\Chapter1_2.exe.embed.manifest.res
         Debug\T3.obj
         Chapter1_2.vcxproj -> F:\Work\Data Structure and Algorithm\Chapter1_1\Chapter1_2\Debug\Chapter1_2.exe
       FinalizeBuildStatus:
         正在删除文件“Debug\Chapter1_2.unsuccessfulbuild”。
         正在对“Debug\Chapter1_2.lastbuildstate”执行 Touch 任务。
     1>已完成生成项目“F:\Work\Data Structure and Algorithm\Chapter1_1\Chapter1_2\Chapter1_2\Chapter1_2.vcxproj”(build 个目标)的操作。

生成成功。

已用时间 00:00:02.18
